<?xml version="1.0" encoding="UTF-8"?>
<!-- Generated by org.testng.reporters.JUnitXMLReporter -->
<testsuite ignored="0" hostname="DESKTOP-I6EP1Q3" failures="0" tests="7" name="Surefire test" time="19.71" errors="0" timestamp="2023-12-06T14:32:05 EST">
  <testcase classname="api.test.DataDrivenTest" name="testPostUser" time="4.385"/>
  <testcase classname="api.test.DataDrivenTest" name="testPostUser" time="1.715"/>
  <testcase classname="api.test.DataDrivenTest" name="testPostUser" time="2.143"/>
  <testcase classname="api.test.UserTest" name="testPostUser" time="2.881"/>
  <testcase classname="api.test.UserTest" name="testGetUser" time="2.265"/>
  <testcase classname="api.test.UserTest" name="testUpdtaeUser" time="4.083"/>
  <testcase classname="api.test.UserTest" name="testDeleteUser" time="0.245"/>
</testsuite> <!-- Surefire test -->
