<?xml version="1.0" encoding="UTF-8"?>
<!-- Generated by org.testng.reporters.JUnitXMLReporter -->
<testsuite ignored="0" hostname="DESKTOP-I6EP1Q3" failures="0" tests="3" name="Default test" time="12.669" errors="0" timestamp="2023-12-06T14:22:38 EST">
  <testcase classname="api.test.UserTest" name="testPostUser" time="4.502"/>
  <testcase classname="api.test.UserTest" name="testGetUser" time="1.913"/>
  <testcase classname="api.test.UserTest" name="testUpdtaeUser" time="5.089"/>
</testsuite> <!-- Default test -->
