<?xml version="1.0" encoding="UTF-8"?>
<!-- Generated by org.testng.reporters.JUnitXMLReporter -->
<testsuite ignored="0" hostname="DESKTOP-I6EP1Q3" failures="0" tests="4" name="Default test" time="5.228" errors="0" timestamp="2023-12-05T20:21:29 EST">
  <testcase classname="api.test.UserTest" name="testPostUser" time="2.135"/>
  <testcase classname="api.test.UserTest" name="testGetUser" time="0.329"/>
  <testcase classname="api.test.UserTest" name="testUpdtaeUser" time="1.822"/>
  <testcase classname="api.test.UserTest" name="testDeleteUser" time="0.227"/>
</testsuite> <!-- Default test -->
