<?xml version="1.0" encoding="UTF-8"?>
<!-- Generated by org.testng.reporters.JUnitXMLReporter -->
<testsuite ignored="0" hostname="DESKTOP-I6EP1Q3" failures="0" tests="4" name="Test" time="5.631" errors="0" timestamp="2023-12-06T14:31:30 EST">
  <testcase classname="api.test.UserTest" name="testPostUser" time="3.41"/>
  <testcase classname="api.test.UserTest" name="testGetUser" time="0.693"/>
  <testcase classname="api.test.UserTest" name="testUpdtaeUser" time="0.479"/>
  <testcase classname="api.test.UserTest" name="testDeleteUser" time="0.237"/>
</testsuite> <!-- Test -->
