<?xml version="1.0" encoding="UTF-8"?>
<testng-results ignored="0" total="7" passed="7" failed="0" skipped="0">
  <reporter-output>
  </reporter-output>
  <suite started-at="2023-12-06T14:31:45 EST" name="Surefire suite" finished-at="2023-12-06T14:32:05 EST" duration-ms="19710">
    <groups>
    </groups>
    <test started-at="2023-12-06T14:31:45 EST" name="Surefire test" finished-at="2023-12-06T14:32:05 EST" duration-ms="19710">
      <class name="api.test.UserTest">
        <test-method is-config="true" signature="setUpData()[pri:0, instance:api.test.UserTest@4f80542f]" started-at="2023-12-06T14:31:55 EST" name="setUpData" finished-at="2023-12-06T14:31:56 EST" duration-ms="423" status="PASS">
          <reporter-output>
          </reporter-output>
        </test-method> <!-- setUpData -->
        <test-method signature="testPostUser()[pri:1, instance:api.test.UserTest@4f80542f]" started-at="2023-12-06T14:31:56 EST" name="testPostUser" finished-at="2023-12-06T14:31:58 EST" duration-ms="2881" status="PASS">
          <reporter-output>
          </reporter-output>
        </test-method> <!-- testPostUser -->
        <test-method signature="testGetUser()[pri:2, instance:api.test.UserTest@4f80542f]" started-at="2023-12-06T14:31:58 EST" name="testGetUser" finished-at="2023-12-06T14:32:01 EST" duration-ms="2265" status="PASS">
          <reporter-output>
          </reporter-output>
        </test-method> <!-- testGetUser -->
        <test-method signature="testUpdtaeUser()[pri:3, instance:api.test.UserTest@4f80542f]" started-at="2023-12-06T14:32:01 EST" name="testUpdtaeUser" finished-at="2023-12-06T14:32:05 EST" duration-ms="4083" status="PASS">
          <reporter-output>
          </reporter-output>
        </test-method> <!-- testUpdtaeUser -->
        <test-method signature="testDeleteUser()[pri:4, instance:api.test.UserTest@4f80542f]" started-at="2023-12-06T14:32:05 EST" name="testDeleteUser" finished-at="2023-12-06T14:32:05 EST" duration-ms="245" status="PASS">
          <reporter-output>
          </reporter-output>
        </test-method> <!-- testDeleteUser -->
      </class> <!-- api.test.UserTest -->
      <class name="api.test.DataDrivenTest">
        <test-method signature="testPostUser(java.lang.String,java.lang.String,java.lang.String,java.lang.String,java.lang.String,java.lang.String,java.lang.String)[pri:1, instance:api.test.DataDrivenTest@3e11f9e9]" started-at="2023-12-06T14:31:47 EST" name="testPostUser" data-provider="Data" finished-at="2023-12-06T14:31:51 EST" duration-ms="4385" status="PASS">
          <params>
            <param index="0">
              <value>
                <![CDATA[1000]]>
              </value>
            </param>
            <param index="1">
              <value>
                <![CDATA[Candy_001]]>
              </value>
            </param>
            <param index="2">
              <value>
                <![CDATA[John]]>
              </value>
            </param>
            <param index="3">
              <value>
                <![CDATA[candy]]>
              </value>
            </param>
            <param index="4">
              <value>
                <![CDATA[candy@gmail.com]]>
              </value>
            </param>
            <param index="5">
              <value>
                <![CDATA[candy123]]>
              </value>
            </param>
            <param index="6">
              <value>
                <![CDATA[1111111111]]>
              </value>
            </param>
          </params>
          <reporter-output>
          </reporter-output>
        </test-method> <!-- testPostUser -->
        <test-method signature="testPostUser(java.lang.String,java.lang.String,java.lang.String,java.lang.String,java.lang.String,java.lang.String,java.lang.String)[pri:1, instance:api.test.DataDrivenTest@3e11f9e9]" started-at="2023-12-06T14:31:51 EST" name="testPostUser" data-provider="Data" finished-at="2023-12-06T14:31:53 EST" duration-ms="1715" status="PASS">
          <params>
            <param index="0">
              <value>
                <![CDATA[2000]]>
              </value>
            </param>
            <param index="1">
              <value>
                <![CDATA[Smith_002]]>
              </value>
            </param>
            <param index="2">
              <value>
                <![CDATA[Peter]]>
              </value>
            </param>
            <param index="3">
              <value>
                <![CDATA[Snith]]>
              </value>
            </param>
            <param index="4">
              <value>
                <![CDATA[smith@gmail.com]]>
              </value>
            </param>
            <param index="5">
              <value>
                <![CDATA[smith123]]>
              </value>
            </param>
            <param index="6">
              <value>
                <![CDATA[2222222222]]>
              </value>
            </param>
          </params>
          <reporter-output>
          </reporter-output>
        </test-method> <!-- testPostUser -->
        <test-method signature="testPostUser(java.lang.String,java.lang.String,java.lang.String,java.lang.String,java.lang.String,java.lang.String,java.lang.String)[pri:1, instance:api.test.DataDrivenTest@3e11f9e9]" started-at="2023-12-06T14:31:53 EST" name="testPostUser" data-provider="Data" finished-at="2023-12-06T14:31:55 EST" duration-ms="2143" status="PASS">
          <params>
            <param index="0">
              <value>
                <![CDATA[3000]]>
              </value>
            </param>
            <param index="1">
              <value>
                <![CDATA[Steve_003]]>
              </value>
            </param>
            <param index="2">
              <value>
                <![CDATA[Steve]]>
              </value>
            </param>
            <param index="3">
              <value>
                <![CDATA[Jobs]]>
              </value>
            </param>
            <param index="4">
              <value>
                <![CDATA[jobs@gmail.com]]>
              </value>
            </param>
            <param index="5">
              <value>
                <![CDATA[jobs123]]>
              </value>
            </param>
            <param index="6">
              <value>
                <![CDATA[3333333333]]>
              </value>
            </param>
          </params>
          <reporter-output>
          </reporter-output>
        </test-method> <!-- testPostUser -->
      </class> <!-- api.test.DataDrivenTest -->
    </test> <!-- Surefire test -->
  </suite> <!-- Surefire suite -->
</testng-results>
