<?xml version="1.0" encoding="UTF-8"?>
<testsuite xmlns:xsi="http://www.w3.org/2001/XMLSchema-instance" xsi:noNamespaceSchemaLocation="https://maven.apache.org/surefire/maven-surefire-plugin/xsd/surefire-test-report-3.0.xsd" version="3.0" name="TestSuite" time="20.482" tests="7" errors="0" skipped="0" failures="0">
  <properties>
[...]
</properties>
  <testcase name="testPostUser[1000, Candy_001, John, candy, candy@gmail.com, candy123, 1111111111](1)" classname="api.test.DataDrivenTest" time="4.431">
    <system-out><![CDATA[HTTP/1.1 200 OK
Date: Wed, 06 Dec 2023 19:31:51 GMT
Content-Type: application/json
Transfer-Encoding: chunked
Connection: keep-alive
Access-Control-Allow-Origin: *
Access-Control-Allow-Methods: GET, POST, DELETE, PUT
Access-Control-Allow-Headers: Content-Type, api_key, Authorization
Server: Jetty(9.2.9.v20150224)

{
    "code": 200,
    "type": "unknown",
    "message": "1000"
}
]]></system-out>
    <system-err><![CDATA[SLF4J: Failed to load class "org.slf4j.impl.StaticLoggerBinder".
SLF4J: Defaulting to no-operation (NOP) logger implementation
SLF4J: See http://www.slf4j.org/codes.html#StaticLoggerBinder for further details.
]]></system-err>
  </testcase>
  <testcase name="testPostUser[2000, Smith_002, Peter, Snith, smith@gmail.com, smith123, 2222222222](2)" classname="api.test.DataDrivenTest" time="1.721">
    <system-out><![CDATA[HTTP/1.1 200 OK
Date: Wed, 06 Dec 2023 19:31:53 GMT
Content-Type: application/json
Transfer-Encoding: chunked
Connection: keep-alive
Access-Control-Allow-Origin: *
Access-Control-Allow-Methods: GET, POST, DELETE, PUT
Access-Control-Allow-Headers: Content-Type, api_key, Authorization
Server: Jetty(9.2.9.v20150224)

{
    "code": 200,
    "type": "unknown",
    "message": "2000"
}
]]></system-out>
  </testcase>
  <testcase name="testPostUser[3000, Steve_003, Steve, Jobs, jobs@gmail.com, jobs123, 3333333333](3)" classname="api.test.DataDrivenTest" time="2.147">
    <system-out><![CDATA[HTTP/1.1 200 OK
Date: Wed, 06 Dec 2023 19:31:55 GMT
Content-Type: application/json
Transfer-Encoding: chunked
Connection: keep-alive
Access-Control-Allow-Origin: *
Access-Control-Allow-Methods: GET, POST, DELETE, PUT
Access-Control-Allow-Headers: Content-Type, api_key, Authorization
Server: Jetty(9.2.9.v20150224)

{
    "code": 200,
    "type": "unknown",
    "message": "3000"
}
]]></system-out>
  </testcase>
  <testcase name="testPostUser" classname="api.test.UserTest" time="2.918">
    <system-out><![CDATA[HTTP/1.1 200 OK
Date: Wed, 06 Dec 2023 19:31:58 GMT
Content-Type: application/json
Transfer-Encoding: chunked
Connection: keep-alive
Access-Control-Allow-Origin: *
Access-Control-Allow-Methods: GET, POST, DELETE, PUT
Access-Control-Allow-Headers: Content-Type, api_key, Authorization
Server: Jetty(9.2.9.v20150224)

{
    "code": 200,
    "type": "unknown",
    "message": "1058101486"
}
]]></system-out>
  </testcase>
  <testcase name="testGetUser" classname="api.test.UserTest" time="2.238">
    <system-out><![CDATA[HTTP/1.1 200 OK
Date: Wed, 06 Dec 2023 19:32:01 GMT
Content-Type: application/json
Transfer-Encoding: chunked
Connection: keep-alive
Access-Control-Allow-Origin: *
Access-Control-Allow-Methods: GET, POST, DELETE, PUT
Access-Control-Allow-Headers: Content-Type, api_key, Authorization
Server: Jetty(9.2.9.v20150224)

{
    "id": 1058101486,
    "username": "gail.kozey",
    "firstName": "Kendrick",
    "lastName": "Jerde",
    "email": "vicente.lang@example.com",
    "password": "cx3vp",
    "phone": "1-200-359-2322",
    "userStatus": 0
}
]]></system-out>
  </testcase>
  <testcase name="testUpdtaeUser" classname="api.test.UserTest" time="4.1">
    <system-out><![CDATA[updated
{
    "code": 200,
    "type": "unknown",
    "message": "1058101486"
}
HTTP/1.1 200 OK
Date: Wed, 06 Dec 2023 19:32:05 GMT
Content-Type: application/json
Transfer-Encoding: chunked
Connection: keep-alive
Access-Control-Allow-Origin: *
Access-Control-Allow-Methods: GET, POST, DELETE, PUT
Access-Control-Allow-Headers: Content-Type, api_key, Authorization
Server: Jetty(9.2.9.v20150224)

{
    "id": 1058101486,
    "username": "gail.kozey",
    "firstName": "Mike",
    "lastName": "O'Connell",
    "email": "leslie.schinner@example.com",
    "password": "cx3vp",
    "phone": "1-200-359-2322",
    "userStatus": 0
}
]]></system-out>
  </testcase>
  <testcase name="testDeleteUser" classname="api.test.UserTest" time="0.245">
    <system-out><![CDATA[HTTP/1.1 200 OK
Date: Wed, 06 Dec 2023 19:32:05 GMT
Content-Type: application/json
Transfer-Encoding: chunked
Connection: keep-alive
Access-Control-Allow-Origin: *
Access-Control-Allow-Methods: GET, POST, DELETE, PUT
Access-Control-Allow-Headers: Content-Type, api_key, Authorization
Server: Jetty(9.2.9.v20150224)

{
    "code": 200,
    "type": "unknown",
    "message": "gail.kozey"
}
]]></system-out>
  </testcase>
</testsuite>