<?xml version="1.0" encoding="UTF-8"?>
<testng-results ignored="0" total="4" passed="4" failed="0" skipped="0">
  <reporter-output>
  </reporter-output>
  <suite started-at="2023-12-06T14:31:24 EST" name="PetSuites" finished-at="2023-12-06T14:31:29 EST" duration-ms="5631">
    <groups>
    </groups>
    <test started-at="2023-12-06T14:31:24 EST" name="Test" finished-at="2023-12-06T14:31:29 EST" duration-ms="5631">
      <class name="api.test.UserTest">
        <test-method is-config="true" signature="setUpData()[pri:0, instance:api.test.UserTest@45385f75]" started-at="2023-12-06T14:31:24 EST" name="setUpData" finished-at="2023-12-06T14:31:24 EST" duration-ms="510" status="PASS">
          <reporter-output>
          </reporter-output>
        </test-method> <!-- setUpData -->
        <test-method signature="testPostUser()[pri:1, instance:api.test.UserTest@45385f75]" started-at="2023-12-06T14:31:24 EST" name="testPostUser" finished-at="2023-12-06T14:31:28 EST" duration-ms="3410" status="PASS">
          <reporter-output>
          </reporter-output>
        </test-method> <!-- testPostUser -->
        <test-method signature="testGetUser()[pri:2, instance:api.test.UserTest@45385f75]" started-at="2023-12-06T14:31:28 EST" name="testGetUser" finished-at="2023-12-06T14:31:29 EST" duration-ms="693" status="PASS">
          <reporter-output>
          </reporter-output>
        </test-method> <!-- testGetUser -->
        <test-method signature="testUpdtaeUser()[pri:3, instance:api.test.UserTest@45385f75]" started-at="2023-12-06T14:31:29 EST" name="testUpdtaeUser" finished-at="2023-12-06T14:31:29 EST" duration-ms="479" status="PASS">
          <reporter-output>
          </reporter-output>
        </test-method> <!-- testUpdtaeUser -->
        <test-method signature="testDeleteUser()[pri:4, instance:api.test.UserTest@45385f75]" started-at="2023-12-06T14:31:29 EST" name="testDeleteUser" finished-at="2023-12-06T14:31:29 EST" duration-ms="237" status="PASS">
          <reporter-output>
          </reporter-output>
        </test-method> <!-- testDeleteUser -->
      </class> <!-- api.test.UserTest -->
    </test> <!-- Test -->
  </suite> <!-- PetSuites -->
</testng-results>
