<?xml version="1.0" encoding="UTF-8"?>
<testng-results ignored="0" total="4" passed="4" failed="0" skipped="0">
  <reporter-output>
  </reporter-output>
  <suite started-at="2023-12-05T20:21:24 EST" name="Default suite" finished-at="2023-12-05T20:21:29 EST" duration-ms="5228">
    <groups>
    </groups>
    <test started-at="2023-12-05T20:21:24 EST" name="Default test" finished-at="2023-12-05T20:21:29 EST" duration-ms="5228">
      <class name="api.test.UserTest">
        <test-method is-config="true" signature="setUpData()[pri:0, instance:api.test.UserTest@1c9b0314]" started-at="2023-12-05T20:21:24 EST" name="setUpData" finished-at="2023-12-05T20:21:24 EST" duration-ms="604" status="PASS">
          <reporter-output>
          </reporter-output>
        </test-method> <!-- setUpData -->
        <test-method signature="testPostUser()[pri:1, instance:api.test.UserTest@1c9b0314]" started-at="2023-12-05T20:21:24 EST" name="testPostUser" finished-at="2023-12-05T20:21:27 EST" duration-ms="2135" status="PASS">
          <reporter-output>
          </reporter-output>
        </test-method> <!-- testPostUser -->
        <test-method signature="testGetUser()[pri:2, instance:api.test.UserTest@1c9b0314]" started-at="2023-12-05T20:21:27 EST" name="testGetUser" finished-at="2023-12-05T20:21:27 EST" duration-ms="329" status="PASS">
          <reporter-output>
          </reporter-output>
        </test-method> <!-- testGetUser -->
        <test-method signature="testUpdtaeUser()[pri:3, instance:api.test.UserTest@1c9b0314]" started-at="2023-12-05T20:21:27 EST" name="testUpdtaeUser" finished-at="2023-12-05T20:21:29 EST" duration-ms="1822" status="PASS">
          <reporter-output>
          </reporter-output>
        </test-method> <!-- testUpdtaeUser -->
        <test-method signature="testDeleteUser()[pri:4, instance:api.test.UserTest@1c9b0314]" started-at="2023-12-05T20:21:29 EST" name="testDeleteUser" finished-at="2023-12-05T20:21:29 EST" duration-ms="227" status="PASS">
          <reporter-output>
          </reporter-output>
        </test-method> <!-- testDeleteUser -->
      </class> <!-- api.test.UserTest -->
    </test> <!-- Default test -->
  </suite> <!-- Default suite -->
</testng-results>
